#
# There is insufficient memory for the Java Runtime Environment to continue.
# Native memory allocation (mmap) failed to map 65536 bytes for Failed to commit metaspace.
# Possible reasons:
#   The system is out of physical RAM or swap space
#   The process is running with CompressedOops enabled, and the Java Heap may be blocking the growth of the native heap
# Possible solutions:
#   Reduce memory load on the system
#   Increase physical memory or swap space
#   Check if swap backing store is full
#   Decrease Java heap size (-Xmx/-Xms)
#   Decrease number of Java threads
#   Decrease Java thread stack sizes (-Xss)
#   Set larger code cache with -XX:ReservedCodeCacheSize=
#   JVM is running with Zero Based Compressed Oops mode in which the Java heap is
#     placed in the first 32GB address space. The Java Heap base address is the
#     maximum limit for the native heap growth. Please use -XX:HeapBaseMinAddress
#     to set the Java Heap base and to place the Java Heap above 32GB virtual address.
# This output file may be truncated or incomplete.
#
#  Out of Memory Error (virtualSpaceNode.cpp:110), pid=11836, tid=14624
#
# JRE version: Java(TM) SE Runtime Environment (17.0.15+9) (build 17.0.15+9-LTS-241)
# Java VM: Java HotSpot(TM) 64-Bit Server VM (17.0.15+9-LTS-241, mixed mode, emulated-client, sharing, tiered, compressed oops, compressed class ptrs, g1 gc, windows-amd64)
# No core dump will be written. Minidumps are not enabled by default on client versions of Windows
#

---------------  S U M M A R Y ------------

Command Line: -Dcom.sun.management.jmxremote -Dcom.sun.management.jmxremote.port=5569 -Dcom.sun.management.jmxremote.authenticate=false -Dcom.sun.management.jmxremote.ssl=false -Djava.rmi.server.hostname=localhost -Dspring.jmx.enabled=true -Dmanagement.endpoints.jmx.exposure.include=* -Dspring.application.admin.enabled=true -Dspring.output.ansi.enabled=always -XX:TieredStopAtLevel=1 -Dspring.boot.project.name=bulletin -Dfile.encoding=UTF-8 -Dstdout.encoding=UTF-8 -Dstderr.encoding=UTF-8 -XX:+ShowCodeDetailsInExceptionMessages com.example.demo.BulletinApplication --debug(\033\[[\d;]*[A-HJKSTfimnsu])*

Host: AMD Ryzen 5 3500 6-Core Processor              , 6 cores, 15G,  Windows 10 , 64 bit Build 19041 (10.0.19041.5915)
Time: Sat Jun  7 14:43:44 2025  Windows 10 , 64 bit Build 19041 (10.0.19041.5915) elapsed time: 13.011793 seconds (0d 0h 0m 13s)

---------------  T H R E A D  ---------------

Current thread (0x000001cdd8a06800):  JavaThread "http-nio-8080-exec-5" daemon [_thread_in_vm, id=14624, stack(0x000000999aa00000,0x000000999ab00000)]

Stack: [0x000000999aa00000,0x000000999ab00000]
Native frames: (J=compiled Java code, j=interpreted, Vv=VM code, C=native code)
V  [jvm.dll+0x67a46a]
V  [jvm.dll+0x7da6ad]
V  [jvm.dll+0x7dbff3]
V  [jvm.dll+0x7dc663]
V  [jvm.dll+0x24523f]
V  [jvm.dll+0x7d627b]
V  [jvm.dll+0x620b66]
V  [jvm.dll+0x1bebe7]
V  [jvm.dll+0x6234c2]
V  [jvm.dll+0x621526]
V  [jvm.dll+0x242b6c]
V  [jvm.dll+0x6d0e9d]
V  [jvm.dll+0x6d186f]
V  [jvm.dll+0x36e675]
V  [jvm.dll+0x36d724]
V  [jvm.dll+0x36d6c8]
V  [jvm.dll+0x37d3da]
C  0x000001cdc9029906

Java frames: (J=compiled Java code, j=interpreted, Vv=VM code)
j  ch.qos.logback.classic.spi.ThrowableProxyUtil.steArrayToStepArray([Ljava/lang/StackTraceElement;)[Lch/qos/logback/classic/spi/StackTraceElementProxy;+25
j  ch.qos.logback.classic.spi.ThrowableProxy.<init>(Ljava/lang/Throwable;Ljava/util/Set;)V+45
j  ch.qos.logback.classic.spi.ThrowableProxy.<init>(Ljava/lang/Throwable;)V+12
j  ch.qos.logback.classic.spi.LoggingEvent.<init>(Ljava/lang/String;Lch/qos/logback/classic/Logger;Lch/qos/logback/classic/Level;Ljava/lang/String;Ljava/lang/Throwable;[Ljava/lang/Object;)V+124
j  ch.qos.logback.classic.Logger.buildLoggingEventAndAppend(Ljava/lang/String;Lorg/slf4j/Marker;Lch/qos/logback/classic/Level;Ljava/lang/String;[Ljava/lang/Object;Ljava/lang/Throwable;)V+13
j  ch.qos.logback.classic.Logger.filterAndLog_0_Or3Plus(Ljava/lang/String;Lorg/slf4j/Marker;Lch/qos/logback/classic/Level;Ljava/lang/String;[Ljava/lang/Object;Ljava/lang/Throwable;)V+57
j  ch.qos.logback.classic.Logger.log(Lorg/slf4j/Marker;Ljava/lang/String;ILjava/lang/String;[Ljava/lang/Object;Ljava/lang/Throwable;)V+17
j  org.slf4j.bridge.SLF4JBridgeHandler.callLocationAwareLogger(Lorg/slf4j/spi/LocationAwareLogger;Ljava/util/logging/LogRecord;)V+88
j  org.slf4j.bridge.SLF4JBridgeHandler.publish(Ljava/util/logging/LogRecord;)V+37
j  java.util.logging.Logger.log(Ljava/util/logging/LogRecord;)V+90 java.logging@17.0.15
j  java.util.logging.Logger.doLog(Ljava/util/logging/LogRecord;)V+46 java.logging@17.0.15
j  java.util.logging.Logger.logp(Ljava/util/logging/Level;Ljava/lang/String;Ljava/lang/String;Ljava/lang/String;Ljava/lang/Throwable;)V+43 java.logging@17.0.15
j  org.apache.juli.logging.DirectJDKLog.log(Ljava/util/logging/Level;Ljava/lang/String;Ljava/lang/Throwable;)V+98
j  org.apache.juli.logging.DirectJDKLog.error(Ljava/lang/Object;Ljava/lang/Throwable;)V+9
j  org.apache.catalina.core.StandardWrapperValve.invoke(Lorg/apache/catalina/connector/Request;Lorg/apache/catalina/connector/Response;)V+1940
j  org.apache.catalina.core.StandardContextValve.invoke(Lorg/apache/catalina/connector/Request;Lorg/apache/catalina/connector/Response;)V+169
j  org.apache.catalina.authenticator.AuthenticatorBase.invoke(Lorg/apache/catalina/connector/Request;Lorg/apache/catalina/connector/Response;)V+221
j  org.apache.catalina.core.StandardHostValve.invoke(Lorg/apache/catalina/connector/Request;Lorg/apache/catalina/connector/Response;)V+131
j  org.apache.catalina.valves.ErrorReportValve.invoke(Lorg/apache/catalina/connector/Request;Lorg/apache/catalina/connector/Response;)V+6
j  org.apache.catalina.core.StandardEngineValve.invoke(Lorg/apache/catalina/connector/Request;Lorg/apache/catalina/connector/Response;)V+59
j  org.apache.catalina.connector.CoyoteAdapter.service(Lorg/apache/coyote/Request;Lorg/apache/coyote/Response;)V+188
j  org.apache.coyote.http11.Http11Processor.service(Lorg/apache/tomcat/util/net/SocketWrapperBase;)Lorg/apache/tomcat/util/net/AbstractEndpoint$Handler$SocketState;+796
j  org.apache.coyote.AbstractProcessorLight.process(Lorg/apache/tomcat/util/net/SocketWrapperBase;Lorg/apache/tomcat/util/net/SocketEvent;)Lorg/apache/tomcat/util/net/AbstractEndpoint$Handler$SocketState;+155
j  org.apache.coyote.AbstractProtocol$ConnectionHandler.process(Lorg/apache/tomcat/util/net/SocketWrapperBase;Lorg/apache/tomcat/util/net/SocketEvent;)Lorg/apache/tomcat/util/net/AbstractEndpoint$Handler$SocketState;+477
j  org.apache.tomcat.util.net.NioEndpoint$SocketProcessor.doRun()V+222
j  org.apache.tomcat.util.net.SocketProcessorBase.run()V+32
j  org.apache.tomcat.util.threads.ThreadPoolExecutor.runWorker(Lorg/apache/tomcat/util/threads/ThreadPoolExecutor$Worker;)V+92
j  org.apache.tomcat.util.threads.ThreadPoolExecutor$Worker.run()V+5
j  org.apache.tomcat.util.threads.TaskThread$WrappingRunnable.run()V+4
j  java.lang.Thread.run()V+11 java.base@17.0.15
v  ~StubRoutines::call_stub

---------------  P R O C E S S  ---------------

Threads class SMR info:
_java_thread_list=0x000001ce1e9fefe0, length=38, elements={
0x000001cdd7fee970, 0x000001cdd7ff34d0, 0x000001cdd8005fa0, 0x000001cdd8006860,
0x000001cdd8009540, 0x000001cdd800ef20, 0x000001cdd80194c0, 0x000001cdd801a9e0,
0x000001cdd807a390, 0x000001cdd813b490, 0x000001cdd84be130, 0x000001cdd84bec50,
0x000001cdd84c83b0, 0x000001cdd865e6c0, 0x000001cdd8856ab0, 0x000001cdd8855e50,
0x000001cdd8807420, 0x000001cdd8a08010, 0x000001cdd8a054c0, 0x000001cdd8a05990,
0x000001cdd8a089b0, 0x000001cdd8a08e80, 0x000001cdd8a07670, 0x000001cdd8a05e60,
0x000001cdd8a06330, 0x000001cdd8a06800, 0x000001cdd8a071a0, 0x000001cdd8a084e0,
0x000001cdd8a06cd0, 0x000001ce1e9d3460, 0x000001ce1e9d0440, 0x000001ce1e9ce290,
0x000001ce1e9cf100, 0x000001ce1e9ce760, 0x000001ce1e9d47a0, 0x000001ce1e9d2ac0,
0x000001ce1e9cf5d0, 0x000001ce1e9d0de0
}

Java Threads: ( => current thread )
  0x000001cdd7fee970 JavaThread "Reference Handler" daemon [_thread_blocked, id=26764, stack(0x0000009998600000,0x0000009998700000)]
  0x000001cdd7ff34d0 JavaThread "Finalizer" daemon [_thread_blocked, id=25548, stack(0x0000009998700000,0x0000009998800000)]
  0x000001cdd8005fa0 JavaThread "Signal Dispatcher" daemon [_thread_blocked, id=16016, stack(0x0000009998800000,0x0000009998900000)]
  0x000001cdd8006860 JavaThread "Attach Listener" daemon [_thread_blocked, id=26172, stack(0x0000009998900000,0x0000009998a00000)]
  0x000001cdd8009540 JavaThread "Service Thread" daemon [_thread_blocked, id=27068, stack(0x0000009998a00000,0x0000009998b00000)]
  0x000001cdd800ef20 JavaThread "Monitor Deflation Thread" daemon [_thread_blocked, id=17312, stack(0x0000009998b00000,0x0000009998c00000)]
  0x000001cdd80194c0 JavaThread "C1 CompilerThread0" daemon [_thread_blocked, id=25812, stack(0x0000009998c00000,0x0000009998d00000)]
  0x000001cdd801a9e0 JavaThread "Sweeper thread" daemon [_thread_blocked, id=15336, stack(0x0000009998d00000,0x0000009998e00000)]
  0x000001cdd807a390 JavaThread "Common-Cleaner" daemon [_thread_blocked, id=25132, stack(0x0000009998e00000,0x0000009998f00000)]
  0x000001cdd813b490 JavaThread "Notification Thread" daemon [_thread_blocked, id=5872, stack(0x0000009999100000,0x0000009999200000)]
  0x000001cdd84be130 JavaThread "RMI TCP Accept-0" daemon [_thread_in_native, id=15568, stack(0x0000009999200000,0x0000009999300000)]
  0x000001cdd84bec50 JavaThread "RMI TCP Accept-5569" daemon [_thread_in_native, id=27276, stack(0x0000009999300000,0x0000009999400000)]
  0x000001cdd84c83b0 JavaThread "RMI TCP Accept-0" daemon [_thread_in_native, id=24124, stack(0x0000009999400000,0x0000009999500000)]
  0x000001cdd865e6c0 JavaThread "RMI TCP Connection(1)-127.0.0.1" daemon [_thread_in_native, id=19832, stack(0x0000009999600000,0x0000009999700000)]
  0x000001cdd8856ab0 JavaThread "RMI Scheduler(0)" daemon [_thread_blocked, id=27048, stack(0x0000009999700000,0x0000009999800000)]
  0x000001cdd8855e50 JavaThread "RMI TCP Connection(2)-127.0.0.1" daemon [_thread_in_native, id=8212, stack(0x0000009999800000,0x0000009999900000)]
  0x000001cdd8807420 JavaThread "JMX server connection timeout 21" daemon [_thread_blocked, id=13536, stack(0x0000009999900000,0x0000009999a00000)]
  0x000001cdd8a08010 JavaThread "Catalina-utility-1" [_thread_blocked, id=25540, stack(0x000000999a200000,0x000000999a300000)]
  0x000001cdd8a054c0 JavaThread "Catalina-utility-2" [_thread_blocked, id=27600, stack(0x000000999a300000,0x000000999a400000)]
  0x000001cdd8a05990 JavaThread "container-0" [_thread_blocked, id=23036, stack(0x000000999a400000,0x000000999a500000)]
  0x000001cdd8a089b0 JavaThread "mysql-cj-abandoned-connection-cleanup" daemon [_thread_blocked, id=22852, stack(0x000000999a500000,0x000000999a600000)]
  0x000001cdd8a08e80 JavaThread "http-nio-8080-exec-1" daemon [_thread_blocked, id=12580, stack(0x000000999a600000,0x000000999a700000)]
  0x000001cdd8a07670 JavaThread "http-nio-8080-exec-2" daemon [_thread_blocked, id=19280, stack(0x000000999a700000,0x000000999a800000)]
  0x000001cdd8a05e60 JavaThread "http-nio-8080-exec-3" daemon [_thread_blocked, id=21756, stack(0x000000999a800000,0x000000999a900000)]
  0x000001cdd8a06330 JavaThread "http-nio-8080-exec-4" daemon [_thread_blocked, id=26460, stack(0x000000999a900000,0x000000999aa00000)]
=>0x000001cdd8a06800 JavaThread "http-nio-8080-exec-5" daemon [_thread_in_vm, id=14624, stack(0x000000999aa00000,0x000000999ab00000)]
  0x000001cdd8a071a0 JavaThread "http-nio-8080-exec-6" daemon [_thread_blocked, id=16028, stack(0x000000999ab00000,0x000000999ac00000)]
  0x000001cdd8a084e0 JavaThread "http-nio-8080-exec-7" daemon [_thread_blocked, id=25804, stack(0x000000999ac00000,0x000000999ad00000)]
  0x000001cdd8a06cd0 JavaThread "http-nio-8080-exec-8" daemon [_thread_blocked, id=6628, stack(0x000000999ad00000,0x000000999ae00000)]
  0x000001ce1e9d3460 JavaThread "http-nio-8080-exec-9" daemon [_thread_blocked, id=15420, stack(0x000000999ae00000,0x000000999af00000)]
  0x000001ce1e9d0440 JavaThread "http-nio-8080-exec-10" daemon [_thread_blocked, id=23692, stack(0x000000999af00000,0x000000999b000000)]
  0x000001ce1e9ce290 JavaThread "http-nio-8080-Poller" daemon [_thread_in_native, id=20124, stack(0x000000999b000000,0x000000999b100000)]
  0x000001ce1e9cf100 JavaThread "http-nio-8080-Acceptor" daemon [_thread_in_native, id=1528, stack(0x000000999b100000,0x000000999b200000)]
  0x000001ce1e9ce760 JavaThread "DestroyJavaVM" [_thread_blocked, id=27564, stack(0x0000009997f00000,0x0000009998000000)]
  0x000001ce1e9d47a0 JavaThread "RMI TCP Connection(3)-127.0.0.1" daemon [_thread_in_native, id=27032, stack(0x000000999b300000,0x000000999b400000)]
  0x000001ce1e9d2ac0 JavaThread "RMI TCP Connection(4)-127.0.0.1" daemon [_thread_in_native, id=2732, stack(0x000000999b400000,0x000000999b500000)]
  0x000001ce1e9cf5d0 JavaThread "RMI TCP Connection(5)-127.0.0.1" daemon [_thread_in_native, id=25516, stack(0x000000999b600000,0x000000999b700000)]
  0x000001ce1e9d0de0 JavaThread "RMI TCP Connection(6)-127.0.0.1" daemon [_thread_in_native, id=4952, stack(0x000000999b800000,0x000000999b900000)]

Other Threads:
  0x000001cdd7fe8a90 VMThread "VM Thread" [stack: 0x0000009998500000,0x0000009998600000] [id=19044]
  0x000001cdc17b1590 WatcherThread [stack: 0x0000009999500000,0x0000009999600000] [id=8292]
  0x000001cdc1789d80 GCTaskThread "GC Thread#0" [stack: 0x0000009998000000,0x0000009998100000] [id=23728]
  0x000001cdd888b6e0 GCTaskThread "GC Thread#1" [stack: 0x0000009999a00000,0x0000009999b00000] [id=24848]
  0x000001cdd8893f30 GCTaskThread "GC Thread#2" [stack: 0x0000009999b00000,0x0000009999c00000] [id=23228]
  0x000001cdd88941f0 GCTaskThread "GC Thread#3" [stack: 0x0000009999c00000,0x0000009999d00000] [id=6168]
  0x000001cdd88944b0 GCTaskThread "GC Thread#4" [stack: 0x0000009999d00000,0x0000009999e00000] [id=26692]
  0x000001cdd8894770 GCTaskThread "GC Thread#5" [stack: 0x0000009999e00000,0x0000009999f00000] [id=25756]
  0x000001cdc179c1d0 ConcurrentGCThread "G1 Main Marker" [stack: 0x0000009998100000,0x0000009998200000] [id=27540]
  0x000001cdc179c9f0 ConcurrentGCThread "G1 Conc#0" [stack: 0x0000009998200000,0x0000009998300000] [id=27168]
  0x000001ce1e3b3720 ConcurrentGCThread "G1 Conc#1" [stack: 0x000000999a100000,0x000000999a200000] [id=23860]
  0x000001cdd7ea20d0 ConcurrentGCThread "G1 Refine#0" [stack: 0x0000009998300000,0x0000009998400000] [id=25920]
  0x000001cdd8894e40 ConcurrentGCThread "G1 Refine#1" [stack: 0x0000009999f00000,0x000000999a000000] [id=19224]
  0x000001cdd8895130 ConcurrentGCThread "G1 Refine#2" [stack: 0x000000999a000000,0x000000999a100000] [id=19144]
  0x000001cdd7ea2910 ConcurrentGCThread "G1 Service" [stack: 0x0000009998400000,0x0000009998500000] [id=26284]

Threads with active compile tasks:

VM state: not at safepoint (normal execution)

VM Mutex/Monitor currently owned by a thread:  ([mutex/lock_event])
[0x000001cdc170ca10] Metaspace_lock - owner thread: 0x000001cdd8a06800

Heap address: 0x0000000700c00000, size: 4084 MB, Compressed Oops mode: Zero based, Oop shift amount: 3

CDS archive(s) mapped at: [0x000001cdd9000000-0x000001cdd9bd0000-0x000001cdd9bd0000), size 12386304, SharedBaseAddress: 0x000001cdd9000000, ArchiveRelocationMode: 1.
Compressed class space mapped at: 0x000001cdda000000-0x000001ce1a000000, reserved size: 1073741824
Narrow klass base: 0x000001cdd9000000, Narrow klass shift: 0, Narrow klass range: 0x100000000

GC Precious Log:
 CPUs: 6 total, 6 available
 Memory: 16335M
 Large Page Support: Disabled
 NUMA Support: Disabled
 Compressed Oops: Enabled (Zero based)
 Heap Region Size: 2M
 Heap Min Capacity: 8M
 Heap Initial Capacity: 256M
 Heap Max Capacity: 4084M
 Pre-touch: Disabled
 Parallel Workers: 6
 Concurrent Workers: 2
 Concurrent Refinement Workers: 6
 Periodic GC: Disabled

Heap:
 garbage-first heap   total 75776K, used 34633K [0x0000000700c00000, 0x0000000800000000)
  region size 2048K, 12 young (24576K), 3 survivors (6144K)
 Metaspace       used 39332K, committed 39872K, reserved 1114112K
  class space    used 5372K, committed 5632K, reserved 1048576K

Heap Regions: E=young(eden), S=young(survivor), O=old, HS=humongous(starts), HC=humongous(continues), CS=collection set, F=free, OA=open archive, CA=closed archive, TAMS=top-at-mark-start (previous, next)
|   0|0x0000000700c00000, 0x0000000700e00000, 0x0000000700e00000|100%| O|  |TAMS 0x0000000700e00000, 0x0000000700c00000| Untracked 
|   1|0x0000000700e00000, 0x0000000701000000, 0x0000000701000000|100%| O|  |TAMS 0x0000000701000000, 0x0000000700e00000| Untracked 
|   2|0x0000000701000000, 0x0000000701000000, 0x0000000701200000|  0%| F|  |TAMS 0x0000000701000000, 0x0000000701000000| Untracked 
|   3|0x0000000701200000, 0x0000000701400000, 0x0000000701400000|100%| O|  |TAMS 0x0000000701400000, 0x0000000701200000| Untracked 
|   4|0x0000000701400000, 0x0000000701400000, 0x0000000701600000|  0%| F|  |TAMS 0x0000000701400000, 0x0000000701400000| Untracked 
|   5|0x0000000701600000, 0x0000000701600000, 0x0000000701800000|  0%| F|  |TAMS 0x0000000701600000, 0x0000000701600000| Untracked 
|   6|0x0000000701800000, 0x0000000701800000, 0x0000000701a00000|  0%| F|  |TAMS 0x0000000701800000, 0x0000000701800000| Untracked 
|   7|0x0000000701a00000, 0x0000000701a00000, 0x0000000701c00000|  0%| F|  |TAMS 0x0000000701a00000, 0x0000000701a00000| Untracked 
|   8|0x0000000701c00000, 0x0000000701c00000, 0x0000000701e00000|  0%| F|  |TAMS 0x0000000701c00000, 0x0000000701c00000| Untracked 
|   9|0x0000000701e00000, 0x0000000702000000, 0x0000000702000000|100%| O|  |TAMS 0x0000000702000000, 0x0000000701e00000| Untracked 
|  10|0x0000000702000000, 0x0000000702200000, 0x0000000702200000|100%| O|  |TAMS 0x0000000702200000, 0x0000000702000000| Untracked 
|  11|0x0000000702200000, 0x0000000702400000, 0x0000000702400000|100%| O|  |TAMS 0x0000000702400000, 0x0000000702200000| Untracked 
|  12|0x0000000702400000, 0x0000000702518a00, 0x0000000702600000| 54%| O|  |TAMS 0x0000000702518a00, 0x0000000702400000| Complete 
|  13|0x0000000702600000, 0x0000000702600000, 0x0000000702800000|  0%| F|  |TAMS 0x0000000702600000, 0x0000000702600000| Untracked 
|  14|0x0000000702800000, 0x0000000702800000, 0x0000000702a00000|  0%| F|  |TAMS 0x0000000702800000, 0x0000000702800000| Untracked 
|  15|0x0000000702a00000, 0x0000000702a00000, 0x0000000702c00000|  0%| F|  |TAMS 0x0000000702a00000, 0x0000000702a00000| Untracked 
|  16|0x0000000702c00000, 0x0000000702c00000, 0x0000000702e00000|  0%| F|  |TAMS 0x0000000702c00000, 0x0000000702c00000| Untracked 
|  17|0x0000000702e00000, 0x0000000702e00000, 0x0000000703000000|  0%| F|  |TAMS 0x0000000702e00000, 0x0000000702e00000| Untracked 
|  18|0x0000000703000000, 0x0000000703000000, 0x0000000703200000|  0%| F|  |TAMS 0x0000000703000000, 0x0000000703000000| Untracked 
|  19|0x0000000703200000, 0x0000000703200000, 0x0000000703400000|  0%| F|  |TAMS 0x0000000703200000, 0x0000000703200000| Untracked 
|  20|0x0000000703400000, 0x0000000703400000, 0x0000000703600000|  0%| F|  |TAMS 0x0000000703400000, 0x0000000703400000| Untracked 
|  21|0x0000000703600000, 0x0000000703600000, 0x0000000703800000|  0%| F|  |TAMS 0x0000000703600000, 0x0000000703600000| Untracked 
|  22|0x0000000703800000, 0x0000000703800000, 0x0000000703a00000|  0%| F|  |TAMS 0x0000000703800000, 0x0000000703800000| Untracked 
|  23|0x0000000703a00000, 0x0000000703a00000, 0x0000000703c00000|  0%| F|  |TAMS 0x0000000703a00000, 0x0000000703a00000| Untracked 
|  24|0x0000000703c00000, 0x0000000703c00000, 0x0000000703e00000|  0%| F|  |TAMS 0x0000000703c00000, 0x0000000703c00000| Untracked 
|  25|0x0000000703e00000, 0x0000000703f03ed8, 0x0000000704000000| 50%| E|  |TAMS 0x0000000703e00000, 0x0000000703e00000| Complete 
|  26|0x0000000704000000, 0x0000000704200000, 0x0000000704200000|100%| E|CS|TAMS 0x0000000704000000, 0x0000000704000000| Complete 
|  27|0x0000000704200000, 0x0000000704400000, 0x0000000704400000|100%| E|CS|TAMS 0x0000000704200000, 0x0000000704200000| Complete 
|  28|0x0000000704400000, 0x0000000704600000, 0x0000000704600000|100%| E|CS|TAMS 0x0000000704400000, 0x0000000704400000| Complete 
|  29|0x0000000704600000, 0x0000000704800000, 0x0000000704800000|100%| E|CS|TAMS 0x0000000704600000, 0x0000000704600000| Complete 
|  30|0x0000000704800000, 0x0000000704a00000, 0x0000000704a00000|100%| E|CS|TAMS 0x0000000704800000, 0x0000000704800000| Complete 
|  31|0x0000000704a00000, 0x0000000704c00000, 0x0000000704c00000|100%| E|CS|TAMS 0x0000000704a00000, 0x0000000704a00000| Complete 
|  32|0x0000000704c00000, 0x0000000704e00000, 0x0000000704e00000|100%| E|CS|TAMS 0x0000000704c00000, 0x0000000704c00000| Complete 
|  51|0x0000000707200000, 0x00000007072b9dc0, 0x0000000707400000| 36%| S|CS|TAMS 0x0000000707200000, 0x0000000707200000| Complete 
|  52|0x0000000707400000, 0x0000000707600000, 0x0000000707600000|100%| S|CS|TAMS 0x0000000707400000, 0x0000000707400000| Complete 
|  53|0x0000000707600000, 0x0000000707800000, 0x0000000707800000|100%| S|CS|TAMS 0x0000000707600000, 0x0000000707600000| Complete 
| 127|0x0000000710a00000, 0x0000000710c00000, 0x0000000710c00000|100%| E|CS|TAMS 0x0000000710a00000, 0x0000000710a00000| Complete 

Card table byte_map: [0x000001cdcc810000,0x000001cdcd010000] _byte_map_base: 0x000001cdc900a000

Marking Bits (Prev, Next): (CMBitMap*) 0x000001cdc178b1c0, (CMBitMap*) 0x000001cdc178b200
 Prev Bits: [0x000001cdcd810000, 0x000001cdd17e0000)
 Next Bits: [0x000001cdd17e0000, 0x000001cdd57b0000)

Polling page: 0x000001cdbf610000

Metaspace:

Usage:
  Non-class:     33.16 MB used.
      Class:      5.25 MB used.
       Both:     38.41 MB used.

Virtual space:
  Non-class space:       64.00 MB reserved,      33.44 MB ( 52%) committed,  1 nodes.
      Class space:        1.00 GB reserved,       5.50 MB ( <1%) committed,  1 nodes.
             Both:        1.06 GB reserved,      38.94 MB (  4%) committed. 

Chunk freelists:
   Non-Class:  13.80 MB
       Class:  10.53 MB
        Both:  24.33 MB

MaxMetaspaceSize: unlimited
CompressedClassSpaceSize: 1.00 GB
Initial GC threshold: 21.00 MB
Current GC threshold: 58.69 MB
CDS: on
MetaspaceReclaimPolicy: balanced
 - commit_granule_bytes: 65536.
 - commit_granule_words: 8192.
 - virtual_space_node_default_size: 8388608.
 - enlarge_chunks_in_place: 1.
 - new_chunks_are_fully_committed: 0.
 - uncommit_free_chunks: 1.
 - use_allocation_guard: 0.
 - handle_deallocations: 1.


Internal statistics:

num_allocs_failed_limit: 6.
num_arena_births: 726.
num_arena_deaths: 0.
num_vsnodes_births: 2.
num_vsnodes_deaths: 0.
num_space_committed: 623.
num_space_uncommitted: 0.
num_chunks_returned_to_freelist: 6.
num_chunks_taken_from_freelist: 2104.
num_chunk_merges: 6.
num_chunk_splits: 1436.
num_chunks_enlarged: 1035.
num_inconsistent_stats: 0.

CodeCache: size=49152Kb used=8133Kb max_used=8942Kb free=41018Kb
 bounds [0x000001cdc9010000, 0x000001cdc98d0000, 0x000001cdcc010000]
 total_blobs=5011 nmethods=4428 adapters=509
 compilation: enabled
              stopped_count=0, restarted_count=0
 full_count=0

Compilation events (20 events):
Event: 11.986 Thread 0x000001cdd80194c0 4419       1       java.util.regex.CharPredicates::lambda$ASCII_SPACE$20 (20 bytes)
Event: 11.986 Thread 0x000001cdd80194c0 nmethod 4419 0x000001cdc9201990 code [0x000001cdc9201b20, 0x000001cdc9201c58]
Event: 11.986 Thread 0x000001cdd80194c0 4420       1       java.util.regex.ASCII::isSpace (8 bytes)
Event: 11.986 Thread 0x000001cdd80194c0 nmethod 4420 0x000001cdc9201610 code [0x000001cdc92017a0, 0x000001cdc92018b8]
Event: 11.988 Thread 0x000001cdd80194c0 4421       1       jdk.internal.jimage.ImageLocation::getAttribute (44 bytes)
Event: 11.989 Thread 0x000001cdd80194c0 nmethod 4421 0x000001cdc9200e10 code [0x000001cdc9201000, 0x000001cdc9201418]
Event: 13.002 Thread 0x000001cdd80194c0 4422       1       java.util.concurrent.atomic.AtomicReferenceArray::lazySet (13 bytes)
Event: 13.002 Thread 0x000001cdd80194c0 nmethod 4422 0x000001cdc9200190 code [0x000001cdc92003c0, 0x000001cdc9200a28]
Event: 13.002 Thread 0x000001cdd80194c0 4423       1       java.lang.invoke.VarHandleReferences$Array::setRelease (61 bytes)
Event: 13.003 Thread 0x000001cdd80194c0 nmethod 4423 0x000001cdc91ff010 code [0x000001cdc91ff280, 0x000001cdc91ffc08]
Event: 13.004 Thread 0x000001cdd80194c0 4424       1       java.text.MessageFormat::<init> (56 bytes)
Event: 13.005 Thread 0x000001cdd80194c0 nmethod 4424 0x000001cdc91fe810 code [0x000001cdc91fe9e0, 0x000001cdc91feef8]
Event: 13.005 Thread 0x000001cdd80194c0 4425       1       java.lang.StackTraceElement::<init> (10 bytes)
Event: 13.006 Thread 0x000001cdd80194c0 nmethod 4425 0x000001cdc91fe510 code [0x000001cdc91fe6a0, 0x000001cdc91fe778]
Event: 13.006 Thread 0x000001cdd80194c0 4426  s!   1       java.lang.StackTraceElement::computeFormat (71 bytes)
Event: 13.006 Thread 0x000001cdd80194c0 nmethod 4426 0x000001cdc91fde10 code [0x000001cdc91fdfc0, 0x000001cdc91fe378]
Event: 13.006 Thread 0x000001cdd80194c0 4427       1       java.lang.StackTraceElement::isHashedInJavaBase (31 bytes)
Event: 13.006 Thread 0x000001cdd80194c0 nmethod 4427 0x000001cdc91fd990 code [0x000001cdc91fdb40, 0x000001cdc91fdcf8]
Event: 13.006 Thread 0x000001cdd80194c0 4428       1       java.lang.Module::getLayer (43 bytes)
Event: 13.006 Thread 0x000001cdd80194c0 nmethod 4428 0x000001cdc91fd590 code [0x000001cdc91fd740, 0x000001cdc91fd908]

GC Heap History (14 events):
Event: 0.529 GC heap before
{Heap before GC invocations=0 (full 0):
 garbage-first heap   total 262144K, used 20480K [0x0000000700c00000, 0x0000000800000000)
  region size 2048K, 10 young (20480K), 0 survivors (0K)
 Metaspace       used 7094K, committed 7296K, reserved 1114112K
  class space    used 920K, committed 1024K, reserved 1048576K
}
Event: 0.533 GC heap after
{Heap after GC invocations=1 (full 0):
 garbage-first heap   total 262144K, used 5441K [0x0000000700c00000, 0x0000000800000000)
  region size 2048K, 2 young (4096K), 2 survivors (4096K)
 Metaspace       used 7094K, committed 7296K, reserved 1114112K
  class space    used 920K, committed 1024K, reserved 1048576K
}
Event: 0.850 GC heap before
{Heap before GC invocations=1 (full 0):
 garbage-first heap   total 262144K, used 25921K [0x0000000700c00000, 0x0000000800000000)
  region size 2048K, 13 young (26624K), 2 survivors (4096K)
 Metaspace       used 11670K, committed 11968K, reserved 1114112K
  class space    used 1669K, committed 1792K, reserved 1048576K
}
Event: 0.854 GC heap after
{Heap after GC invocations=2 (full 0):
 garbage-first heap   total 262144K, used 7271K [0x0000000700c00000, 0x0000000800000000)
  region size 2048K, 1 young (2048K), 1 survivors (2048K)
 Metaspace       used 11670K, committed 11968K, reserved 1114112K
  class space    used 1669K, committed 1792K, reserved 1048576K
}
Event: 1.350 GC heap before
{Heap before GC invocations=2 (full 0):
 garbage-first heap   total 262144K, used 66663K [0x0000000700c00000, 0x0000000800000000)
  region size 2048K, 31 young (63488K), 1 survivors (2048K)
 Metaspace       used 21134K, committed 21504K, reserved 1114112K
  class space    used 2925K, committed 3136K, reserved 1048576K
}
Event: 1.354 GC heap after
{Heap after GC invocations=3 (full 0):
 garbage-first heap   total 262144K, used 11516K [0x0000000700c00000, 0x0000000800000000)
  region size 2048K, 3 young (6144K), 3 survivors (6144K)
 Metaspace       used 21134K, committed 21504K, reserved 1114112K
  class space    used 2925K, committed 3136K, reserved 1048576K
}
Event: 1.636 GC heap before
{Heap before GC invocations=4 (full 0):
 garbage-first heap   total 49152K, used 34044K [0x0000000700c00000, 0x0000000800000000)
  region size 2048K, 15 young (30720K), 3 survivors (6144K)
 Metaspace       used 24415K, committed 24832K, reserved 1114112K
  class space    used 3429K, committed 3648K, reserved 1048576K
}
Event: 1.640 GC heap after
{Heap after GC invocations=5 (full 0):
 garbage-first heap   total 49152K, used 14052K [0x0000000700c00000, 0x0000000800000000)
  region size 2048K, 5 young (10240K), 5 survivors (10240K)
 Metaspace       used 24415K, committed 24832K, reserved 1114112K
  class space    used 3429K, committed 3648K, reserved 1048576K
}
Event: 1.672 GC heap before
{Heap before GC invocations=5 (full 0):
 garbage-first heap   total 49152K, used 14052K [0x0000000700c00000, 0x0000000800000000)
  region size 2048K, 6 young (12288K), 5 survivors (10240K)
 Metaspace       used 24862K, committed 25280K, reserved 1114112K
  class space    used 3477K, committed 3648K, reserved 1048576K
}
Event: 1.678 GC heap after
{Heap after GC invocations=6 (full 0):
 garbage-first heap   total 49152K, used 14867K [0x0000000700c00000, 0x0000000800000000)
  region size 2048K, 1 young (2048K), 1 survivors (2048K)
 Metaspace       used 24862K, committed 25280K, reserved 1114112K
  class space    used 3477K, committed 3648K, reserved 1048576K
}
Event: 1.916 GC heap before
{Heap before GC invocations=6 (full 0):
 garbage-first heap   total 49152K, used 31251K [0x0000000700c00000, 0x0000000800000000)
  region size 2048K, 9 young (18432K), 1 survivors (2048K)
 Metaspace       used 29573K, committed 30016K, reserved 1114112K
  class space    used 4085K, committed 4288K, reserved 1048576K
}
Event: 1.917 GC heap after
{Heap after GC invocations=7 (full 0):
 garbage-first heap   total 155648K, used 15318K [0x0000000700c00000, 0x0000000800000000)
  region size 2048K, 1 young (2048K), 1 survivors (2048K)
 Metaspace       used 29573K, committed 30016K, reserved 1114112K
  class space    used 4085K, committed 4288K, reserved 1048576K
}
Event: 7.354 GC heap before
{Heap before GC invocations=7 (full 0):
 garbage-first heap   total 155648K, used 58326K [0x0000000700c00000, 0x0000000800000000)
  region size 2048K, 23 young (47104K), 1 survivors (2048K)
 Metaspace       used 35512K, committed 35968K, reserved 1114112K
  class space    used 4896K, committed 5120K, reserved 1048576K
}
Event: 7.361 GC heap after
{Heap after GC invocations=8 (full 0):
 garbage-first heap   total 155648K, used 18249K [0x0000000700c00000, 0x0000000800000000)
  region size 2048K, 3 young (6144K), 3 survivors (6144K)
 Metaspace       used 35512K, committed 35968K, reserved 1114112K
  class space    used 4896K, committed 5120K, reserved 1048576K
}

Deoptimization events (0 events):
No events

Classes unloaded (0 events):
No events

Classes redefined (0 events):
No events

Internal exceptions (20 events):
Event: 1.857 Thread 0x000001cdc171de90 Exception <a 'sun/nio/fs/WindowsException'{0x0000000702fdf138}> (0x0000000702fdf138) 
thrown [s\open\src\hotspot\share\prims\jni.cpp, line 516]
Event: 1.907 Thread 0x000001cdc171de90 Exception <a 'java/lang/NoSuchMethodError'{0x0000000702ac0d60}: 'int java.lang.invoke.Invokers$Holder.invokeExact_MT(java.lang.Object, java.lang.Object, java.lang.Object)'> (0x0000000702ac0d60) 
thrown [s\open\src\hotspot\share\interpreter\linkResolver.cpp, line 759]
Event: 1.973 Thread 0x000001cdc171de90 Exception <a 'java/lang/NoSuchMethodError'{0x000000070cad8ab8}: 'int java.lang.invoke.DirectMethodHandle$Holder.invokeStaticInit(java.lang.Object, int, java.lang.Object, java.lang.Object, java.lang.Object, java.lang.Object)'> (0x000000070cad8ab8) 
thrown [s\open\src\hotspot\share\interpreter\linkResolver.cpp, line 759]
Event: 1.991 Thread 0x000001cdc171de90 Exception <a 'java/lang/NoSuchMethodError'{0x000000070c837af0}: 'java.lang.Object java.lang.invoke.DirectMethodHandle$Holder.invokeSpecial(java.lang.Object, java.lang.Object, java.lang.Object, java.lang.Object, java.lang.Object, java.lang.Object, java.lang.Object, java.lang.Object, java.lang.Object, java.lang.Object, java.lang.Object, java.lang.Object, java.lang.Object, java.lang.Object)'> (0x000000070c837af0) 
thrown [s\open\src\hotspot\share\interpreter\linkResolver.cpp, line 759]
Event: 1.991 Thread 0x000001cdc171de90 Exception <a 'java/lang/NoSuchMethodError'{0x000000070c83ca68}: 'java.lang.Object java.lang.invoke.Invokers$Holder.invoker(java.lang.Object, java.lang.Object, java.lang.Object, java.lang.Object, java.lang.Object, java.lang.Object, java.lang.Object, java.lang.Object, java.lang.Object, java.lang.Object, java.lang.Object, java.lang.Object, java.lang.Object, java.lang.Object)'> (0x000000070c83ca68) 
thrown [s\open\src\hotspot\share\interpreter\linkResolver.cpp, line 759]
Event: 1.991 Thread 0x000001cdc171de90 Exception <a 'java/lang/NoSuchMethodError'{0x000000070c8423d8}: 'java.lang.Object java.lang.invoke.DirectMethodHandle$Holder.invokeSpecial(java.lang.Object, java.lang.Object, java.lang.Object, java.lang.Object, java.lang.Object, java.lang.Object, java.lang.Object, java.lang.Object, java.lang.Object, java.lang.Object, java.lang.Object, java.lang.Object, java.lang.Object, java.lang.Object, java.lang.Object)'> (0x000000070c8423d8) 
thrown [s\open\src\hotspot\share\interpreter\linkResolver.cpp, line 759]
Event: 2.002 Thread 0x000001cdc171de90 Exception <a 'java/lang/NoSuchMethodError'{0x000000070c9718d0}: 'java.lang.Object java.lang.invoke.DirectMethodHandle$Holder.invokeSpecial(java.lang.Object, java.lang.Object, int, java.lang.Object, java.lang.Object)'> (0x000000070c9718d0) 
thrown [s\open\src\hotspot\share\interpreter\linkResolver.cpp, line 759]
Event: 2.002 Thread 0x000001cdc171de90 Exception <a 'java/lang/NoSuchMethodError'{0x000000070c975820}: 'java.lang.Object java.lang.invoke.DelegatingMethodHandle$Holder.delegate(java.lang.Object, int, java.lang.Object, java.lang.Object)'> (0x000000070c975820) 
thrown [s\open\src\hotspot\share\interpreter\linkResolver.cpp, line 759]
Event: 2.003 Thread 0x000001cdc171de90 Exception <a 'java/lang/NoSuchMethodError'{0x000000070c986950}: 'int java.lang.invoke.Invokers$Holder.linkToTargetMethod(java.lang.Object, java.lang.Object, java.lang.Object)'> (0x000000070c986950) 
thrown [s\open\src\hotspot\share\interpreter\linkResolver.cpp, line 759]
Event: 2.079 Thread 0x000001cdd8855e50 Exception <a 'java/lang/reflect/InvocationTargetException'{0x0000000709702a38}> (0x0000000709702a38) 
thrown [s\open\src\hotspot\share\runtime\reflection.cpp, line 1121]
Event: 2.132 Thread 0x000001cdc171de90 Exception <a 'sun/nio/fs/WindowsException'{0x000000070930a690}> (0x000000070930a690) 
thrown [s\open\src\hotspot\share\prims\jni.cpp, line 516]
Event: 2.155 Thread 0x000001cdc171de90 Exception <a 'java/lang/IncompatibleClassChangeError'{0x00000007091066f8}: Found class java.lang.Object, but interface was expected> (0x00000007091066f8) 
thrown [s\open\src\hotspot\share\interpreter\linkResolver.cpp, line 826]
Event: 2.201 Thread 0x000001cdc171de90 Exception <a 'java/lang/NoSuchMethodError'{0x0000000708cc2978}: 'int java.lang.invoke.DirectMethodHandle$Holder.invokeStaticInit(java.lang.Object, java.lang.Object, java.lang.Object, java.lang.Object)'> (0x0000000708cc2978) 
thrown [s\open\src\hotspot\share\interpreter\linkResolver.cpp, line 759]
Event: 2.269 Thread 0x000001cdc171de90 Exception <a 'java/lang/IncompatibleClassChangeError'{0x00000007089558c0}: Found class java.lang.Object, but interface was expected> (0x00000007089558c0) 
thrown [s\open\src\hotspot\share\interpreter\linkResolver.cpp, line 826]
Event: 2.287 Thread 0x000001cdc171de90 Exception <a 'java/lang/NoSuchMethodError'{0x00000007086a6c68}: 'java.lang.Object java.lang.invoke.DirectMethodHandle$Holder.newInvokeSpecial(java.lang.Object, java.lang.Object, int, java.lang.Object, java.lang.Object)'> (0x00000007086a6c68) 
thrown [s\open\src\hotspot\share\interpreter\linkResolver.cpp, line 759]
Event: 7.217 Thread 0x000001ce1e9cf100 Exception <a 'java/lang/NoSuchMethodError'{0x000000070838f1c0}: 'java.lang.Object java.lang.invoke.DirectMethodHandle$Holder.invokeStaticInit(java.lang.Object, java.lang.Object, java.lang.Object, int, int)'> (0x000000070838f1c0) 
thrown [s\open\src\hotspot\share\interpreter\linkResolver.cpp, line 759]
Event: 7.308 Thread 0x000001cdd8a08e80 Exception <a 'java/lang/NoSuchMethodError'{0x0000000707a5a648}: 'java.lang.Object java.lang.invoke.DirectMethodHandle$Holder.invokeSpecial(java.lang.Object, java.lang.Object, java.lang.Object, java.lang.Object, java.lang.Object, long)'> (0x0000000707a5a648) 
thrown [s\open\src\hotspot\share\interpreter\linkResolver.cpp, line 759]
Event: 7.308 Thread 0x000001cdd8a08e80 Exception <a 'java/lang/NoSuchMethodError'{0x0000000707a5e0f8}: 'java.lang.Object java.lang.invoke.Invokers$Holder.linkToTargetMethod(java.lang.Object, java.lang.Object, java.lang.Object, long, java.lang.Object)'> (0x0000000707a5e0f8) 
thrown [s\open\src\hotspot\share\interpreter\linkResolver.cpp, line 759]
Event: 7.389 Thread 0x000001cdd8a08e80 Exception <a 'java/lang/NoSuchMethodError'{0x0000000710b19c00}: 'java.lang.Object java.lang.invoke.DirectMethodHandle$Holder.invokeStatic(java.lang.Object, int, int)'> (0x0000000710b19c00) 
thrown [s\open\src\hotspot\share\interpreter\linkResolver.cpp, line 759]
Event: 13.002 Thread 0x000001cdd8a06800 Exception <a 'java/lang/reflect/InvocationTargetException'{0x0000000703eb7968}> (0x0000000703eb7968) 
thrown [s\open\src\hotspot\share\runtime\reflection.cpp, line 1121]

VM Operations (20 events):
Event: 7.354 Executing VM operation: CollectForMetadataAllocation
Event: 7.363 Executing VM operation: CollectForMetadataAllocation done
Event: 7.372 Executing VM operation: G1Concurrent
Event: 7.374 Executing VM operation: G1Concurrent done
Event: 7.377 Executing VM operation: HandshakeAllThreads
Event: 7.377 Executing VM operation: HandshakeAllThreads done
Event: 7.378 Executing VM operation: G1Concurrent
Event: 7.379 Executing VM operation: G1Concurrent done
Event: 8.387 Executing VM operation: Cleanup
Event: 8.387 Executing VM operation: Cleanup done
Event: 11.836 Executing VM operation: HandshakeAllThreads
Event: 11.836 Executing VM operation: HandshakeAllThreads done
Event: 11.836 Executing VM operation: Cleanup
Event: 11.837 Executing VM operation: Cleanup done
Event: 11.962 Executing VM operation: HandshakeAllThreads
Event: 11.962 Executing VM operation: HandshakeAllThreads done
Event: 11.962 Executing VM operation: HandshakeAllThreads
Event: 11.963 Executing VM operation: HandshakeAllThreads done
Event: 12.971 Executing VM operation: Cleanup
Event: 12.971 Executing VM operation: Cleanup done

Events (20 events):
Event: 11.982 loading class javax/crypto/IllegalBlockSizeException
Event: 11.982 loading class javax/crypto/IllegalBlockSizeException done
Event: 11.982 loading class javax/crypto/BadPaddingException
Event: 11.982 loading class javax/crypto/BadPaddingException done
Event: 11.982 loading class java/security/Key
Event: 11.982 loading class java/security/Key done
Event: 11.982 loading class java/security/SignatureException
Event: 11.982 loading class java/security/SignatureException done
Event: 11.982 loading class java/security/PrivateKey
Event: 11.982 loading class javax/security/auth/Destroyable
Event: 11.982 loading class javax/security/auth/Destroyable done
Event: 11.982 loading class java/security/PrivateKey done
Event: 11.987 loading class java/lang/StringIndexOutOfBoundsException
Event: 11.987 loading class java/lang/StringIndexOutOfBoundsException done
Event: 11.989 loading class java/util/concurrent/atomic/AtomicReferenceFieldUpdater
Event: 11.989 loading class java/util/concurrent/atomic/AtomicReferenceFieldUpdater done
Event: 11.989 loading class java/util/concurrent/atomic/AtomicReferenceFieldUpdater$AtomicReferenceFieldUpdaterImpl
Event: 11.990 loading class java/util/concurrent/atomic/AtomicReferenceFieldUpdater$AtomicReferenceFieldUpdaterImpl done
Event: 11.990 loading class java/util/concurrent/atomic/AtomicReferenceFieldUpdater$AtomicReferenceFieldUpdaterImpl$1
Event: 11.990 loading class java/util/concurrent/atomic/AtomicReferenceFieldUpdater$AtomicReferenceFieldUpdaterImpl$1 done


Dynamic libraries:
0x00007ff71bd80000 - 0x00007ff71bd90000 	C:\Program Files\Java\jdk-17\bin\javaw.exe
0x00007ff9e97b0000 - 0x00007ff9e99a8000 	C:\WINDOWS\SYSTEM32\ntdll.dll
0x00007ff9e90e0000 - 0x00007ff9e91a2000 	C:\WINDOWS\System32\KERNEL32.DLL
0x00007ff9e7120000 - 0x00007ff9e7416000 	C:\WINDOWS\System32\KERNELBASE.dll
0x00007ff9e6fd0000 - 0x00007ff9e70d0000 	C:\WINDOWS\System32\ucrtbase.dll
0x00007ff9cc430000 - 0x00007ff9cc44b000 	C:\Program Files\Java\jdk-17\bin\VCRUNTIME140.dll
0x00007ff9cc510000 - 0x00007ff9cc529000 	C:\Program Files\Java\jdk-17\bin\jli.dll
0x00007ff9e7a60000 - 0x00007ff9e7b11000 	C:\WINDOWS\System32\ADVAPI32.dll
0x00007ff9e7900000 - 0x00007ff9e799e000 	C:\WINDOWS\System32\msvcrt.dll
0x00007ff9e95f0000 - 0x00007ff9e968f000 	C:\WINDOWS\System32\sechost.dll
0x00007ff9e77d0000 - 0x00007ff9e78f3000 	C:\WINDOWS\System32\RPCRT4.dll
0x00007ff9e7420000 - 0x00007ff9e7447000 	C:\WINDOWS\System32\bcrypt.dll
0x00007ff9e8810000 - 0x00007ff9e89ad000 	C:\WINDOWS\System32\USER32.dll
0x00007ff9e6fa0000 - 0x00007ff9e6fc2000 	C:\WINDOWS\System32\win32u.dll
0x00007ff9e90b0000 - 0x00007ff9e90db000 	C:\WINDOWS\System32\GDI32.dll
0x00007ff9e7450000 - 0x00007ff9e7569000 	C:\WINDOWS\System32\gdi32full.dll
0x00007ff9e7730000 - 0x00007ff9e77cd000 	C:\WINDOWS\System32\msvcp_win.dll
0x00007ff9d6ca0000 - 0x00007ff9d6f3a000 	C:\WINDOWS\WinSxS\amd64_microsoft.windows.common-controls_6595b64144ccf1df_6.0.19041.5915_none_60b4b9d171f9c7c7\COMCTL32.dll
0x00007ff9df590000 - 0x00007ff9df59a000 	C:\WINDOWS\SYSTEM32\VERSION.dll
0x00007ff9e8f50000 - 0x00007ff9e8f7f000 	C:\WINDOWS\System32\IMM32.DLL
0x00007ff9d4cb0000 - 0x00007ff9d4cbc000 	C:\Program Files\Java\jdk-17\bin\vcruntime140_1.dll
0x00007ff9b80e0000 - 0x00007ff9b816e000 	C:\Program Files\Java\jdk-17\bin\msvcp140.dll
0x00007ff9730a0000 - 0x00007ff973c81000 	C:\Program Files\Java\jdk-17\bin\server\jvm.dll
0x00007ff9e90a0000 - 0x00007ff9e90a8000 	C:\WINDOWS\System32\PSAPI.DLL
0x00007ff9dbf00000 - 0x00007ff9dbf27000 	C:\WINDOWS\SYSTEM32\WINMM.dll
0x00007ff9d3ee0000 - 0x00007ff9d3ee9000 	C:\WINDOWS\SYSTEM32\WSOCK32.dll
0x00007ff9e8f80000 - 0x00007ff9e8feb000 	C:\WINDOWS\System32\WS2_32.dll
0x00007ff9e4ce0000 - 0x00007ff9e4cf2000 	C:\WINDOWS\SYSTEM32\kernel.appcore.dll
0x00007ff9d4400000 - 0x00007ff9d440a000 	C:\Program Files\Java\jdk-17\bin\jimage.dll
0x00007ff9dfe30000 - 0x00007ff9e0031000 	C:\WINDOWS\SYSTEM32\DBGHELP.DLL
0x00007ff9caaf0000 - 0x00007ff9cab24000 	C:\WINDOWS\SYSTEM32\dbgcore.DLL
0x00007ff9e7570000 - 0x00007ff9e75f2000 	C:\WINDOWS\System32\bcryptPrimitives.dll
0x00007ff9cbf00000 - 0x00007ff9cbf25000 	C:\Program Files\Java\jdk-17\bin\java.dll
0x00007ff9b8000000 - 0x00007ff9b80d7000 	C:\Program Files\Java\jdk-17\bin\jsvml.dll
0x00007ff9e7e30000 - 0x00007ff9e859e000 	C:\WINDOWS\System32\SHELL32.dll
0x00007ff9e4ee0000 - 0x00007ff9e5683000 	C:\WINDOWS\SYSTEM32\windows.storage.dll
0x00007ff9e9210000 - 0x00007ff9e9563000 	C:\WINDOWS\System32\combase.dll
0x00007ff9e6870000 - 0x00007ff9e689b000 	C:\WINDOWS\SYSTEM32\Wldp.dll
0x00007ff9e7b20000 - 0x00007ff9e7bed000 	C:\WINDOWS\System32\OLEAUT32.dll
0x00007ff9e79b0000 - 0x00007ff9e7a5d000 	C:\WINDOWS\System32\SHCORE.dll
0x00007ff9e91b0000 - 0x00007ff9e920b000 	C:\WINDOWS\System32\shlwapi.dll
0x00007ff9e6d70000 - 0x00007ff9e6d95000 	C:\WINDOWS\SYSTEM32\profapi.dll
0x00007ff9cbee0000 - 0x00007ff9cbef9000 	C:\Program Files\Java\jdk-17\bin\net.dll
0x00007ff9dfb00000 - 0x00007ff9dfc0a000 	C:\WINDOWS\SYSTEM32\WINHTTP.dll
0x00007ff9e65d0000 - 0x00007ff9e663a000 	C:\WINDOWS\system32\mswsock.dll
0x00007ff9ca740000 - 0x00007ff9ca756000 	C:\Program Files\Java\jdk-17\bin\nio.dll
0x00007ff9ca720000 - 0x00007ff9ca738000 	C:\Program Files\Java\jdk-17\bin\zip.dll
0x00007ff9d19d0000 - 0x00007ff9d19da000 	C:\Program Files\Java\jdk-17\bin\management.dll
0x00007ff9cf550000 - 0x00007ff9cf55b000 	C:\Program Files\Java\jdk-17\bin\management_ext.dll
0x00007ff9d31d0000 - 0x00007ff9d31e7000 	C:\WINDOWS\system32\napinsp.dll
0x00007ff9d1580000 - 0x00007ff9d159b000 	C:\WINDOWS\system32\pnrpnsp.dll
0x00007ff9e26b0000 - 0x00007ff9e26cd000 	C:\WINDOWS\system32\wshbth.dll
0x00007ff9e2eb0000 - 0x00007ff9e2ecd000 	C:\WINDOWS\system32\NLAapi.dll
0x00007ff9e6260000 - 0x00007ff9e629b000 	C:\WINDOWS\SYSTEM32\IPHLPAPI.DLL
0x00007ff9e62b0000 - 0x00007ff9e637a000 	C:\WINDOWS\SYSTEM32\DNSAPI.dll
0x00007ff9e79a0000 - 0x00007ff9e79a8000 	C:\WINDOWS\System32\NSI.dll
0x00007ff9ce850000 - 0x00007ff9ce862000 	C:\WINDOWS\System32\winrnr.dll
0x00000000557d0000 - 0x00000000557f6000 	C:\Program Files\Bonjour\mdnsNSP.dll
0x00007ff9dbc10000 - 0x00007ff9dbc1a000 	C:\Windows\System32\rasadhlp.dll
0x00007ff9dc750000 - 0x00007ff9dc7d0000 	C:\WINDOWS\System32\fwpuclnt.dll
0x00007ff9e67c0000 - 0x00007ff9e67d8000 	C:\WINDOWS\SYSTEM32\CRYPTSP.dll
0x00007ff9e5e80000 - 0x00007ff9e5eb8000 	C:\WINDOWS\system32\rsaenh.dll
0x00007ff9e6d30000 - 0x00007ff9e6d5e000 	C:\WINDOWS\SYSTEM32\USERENV.dll
0x00007ff9e67e0000 - 0x00007ff9e67ec000 	C:\WINDOWS\SYSTEM32\CRYPTBASE.dll
0x00007ff9e03f0000 - 0x00007ff9e0407000 	C:\WINDOWS\SYSTEM32\dhcpcsvc6.DLL
0x00007ff9e0d20000 - 0x00007ff9e0d3d000 	C:\WINDOWS\SYSTEM32\dhcpcsvc.DLL
0x00007ff9cf320000 - 0x00007ff9cf32e000 	C:\Program Files\Java\jdk-17\bin\sunmscapi.dll
0x00007ff9e6e40000 - 0x00007ff9e6f9d000 	C:\WINDOWS\System32\CRYPT32.dll
0x00007ff9e68e0000 - 0x00007ff9e6907000 	C:\WINDOWS\SYSTEM32\ncrypt.dll
0x00007ff9e68a0000 - 0x00007ff9e68db000 	C:\WINDOWS\SYSTEM32\NTASN1.dll
0x00007ff9d4da0000 - 0x00007ff9d4da7000 	C:\WINDOWS\system32\wshunix.dll

dbghelp: loaded successfully - version: 4.0.5 - missing functions: none
symbol engine: initialized successfully - sym options: 0x614 - pdb path: .;C:\Program Files\Java\jdk-17\bin;C:\WINDOWS\SYSTEM32;C:\WINDOWS\WinSxS\amd64_microsoft.windows.common-controls_6595b64144ccf1df_6.0.19041.5915_none_60b4b9d171f9c7c7;C:\Program Files\Java\jdk-17\bin\server;C:\Program Files\Bonjour

VM Arguments:
jvm_args: -Dcom.sun.management.jmxremote -Dcom.sun.management.jmxremote.port=5569 -Dcom.sun.management.jmxremote.authenticate=false -Dcom.sun.management.jmxremote.ssl=false -Djava.rmi.server.hostname=localhost -Dspring.jmx.enabled=true -Dmanagement.endpoints.jmx.exposure.include=* -Dspring.application.admin.enabled=true -Dspring.output.ansi.enabled=always -XX:TieredStopAtLevel=1 -Dspring.boot.project.name=bulletin -Dfile.encoding=UTF-8 -Dstdout.encoding=UTF-8 -Dstderr.encoding=UTF-8 -XX:+ShowCodeDetailsInExceptionMessages 
java_command: com.example.demo.BulletinApplication --debug(\033\[[\d;]*[A-HJKSTfimnsu])*
java_class_path (initial): C:\sts_work\bulletin\target\classes;C:\Users\jsams\.m2\repository\org\mybatis\spring\boot\mybatis-spring-boot-starter\3.0.4\mybatis-spring-boot-starter-3.0.4.jar;C:\Users\jsams\.m2\repository\org\springframework\boot\spring-boot-starter\3.5.0\spring-boot-starter-3.5.0.jar;C:\Users\jsams\.m2\repository\org\springframework\boot\spring-boot\3.5.0\spring-boot-3.5.0.jar;C:\Users\jsams\.m2\repository\org\springframework\boot\spring-boot-autoconfigure\3.5.0\spring-boot-autoconfigure-3.5.0.jar;C:\Users\jsams\.m2\repository\org\springframework\boot\spring-boot-starter-logging\3.5.0\spring-boot-starter-logging-3.5.0.jar;C:\Users\jsams\.m2\repository\ch\qos\logback\logback-classic\1.5.18\logback-classic-1.5.18.jar;C:\Users\jsams\.m2\repository\ch\qos\logback\logback-core\1.5.18\logback-core-1.5.18.jar;C:\Users\jsams\.m2\repository\org\apache\logging\log4j\log4j-to-slf4j\2.24.3\log4j-to-slf4j-2.24.3.jar;C:\Users\jsams\.m2\repository\org\apache\logging\log4j\log4j-api\2.24.3\log4j-api-2.24.3.jar;C:\Users\jsams\.m2\repository\org\slf4j\jul-to-slf4j\2.0.17\jul-to-slf4j-2.0.17.jar;C:\Users\jsams\.m2\repository\jakarta\annotation\jakarta.annotation-api\2.1.1\jakarta.annotation-api-2.1.1.jar;C:\Users\jsams\.m2\repository\org\yaml\snakeyaml\2.4\snakeyaml-2.4.jar;C:\Users\jsams\.m2\repository\org\springframework\boot\spring-boot-starter-jdbc\3.5.0\spring-boot-starter-jdbc-3.5.0.jar;C:\Users\jsams\.m2\repository\com\zaxxer\HikariCP\6.3.0\HikariCP-6.3.0.jar;C:\Users\jsams\.m2\repository\org\springframework\spring-jdbc\6.2.7\spring-jdbc-6.2.7.jar;C:\Users\jsams\.m2\repository\org\springframework\spring-tx\6.2.7\spring-tx-6.2.7.jar;C:\Users\jsams\.m2\repository\org\mybatis\spring\boot\mybatis-spring-boot-autoconfigure\3.0.4\mybatis-spring-boot-autoconfigure-3.0.4.jar;C:\Users\jsams\.m2\repository\org\mybatis\mybatis\3.5.17\mybatis-3.5.17.jar;C:\Users\jsams\.m2\repository\org\mybatis\mybatis-spring\3.0.4\mybatis-spring-3.0.4.jar;C:\Users\jsams\.m2\repository\org
Launcher Type: SUN_STANDARD

[Global flags]
     intx CICompilerCount                          = 3                                         {product} {ergonomic}
     uint ConcGCThreads                            = 2                                         {product} {ergonomic}
     uint G1ConcRefinementThreads                  = 6                                         {product} {ergonomic}
   size_t G1HeapRegionSize                         = 2097152                                   {product} {ergonomic}
    uintx GCDrainStackTargetSize                   = 64                                        {product} {ergonomic}
   size_t InitialHeapSize                          = 268435456                                 {product} {ergonomic}
     bool ManagementServer                         = true                                      {product} {command line}
   size_t MarkStackSize                            = 4194304                                   {product} {ergonomic}
   size_t MaxHeapSize                              = 4282384384                                {product} {ergonomic}
   size_t MaxNewSize                               = 2569011200                                {product} {ergonomic}
   size_t MinHeapDeltaBytes                        = 2097152                                   {product} {ergonomic}
   size_t MinHeapSize                              = 8388608                                   {product} {ergonomic}
    uintx NonProfiledCodeHeapSize                  = 0                                      {pd product} {ergonomic}
     bool ProfileInterpreter                       = false                                  {pd product} {command line}
    uintx ProfiledCodeHeapSize                     = 0                                      {pd product} {ergonomic}
     bool ShowCodeDetailsInExceptionMessages       = true                                   {manageable} {command line}
   size_t SoftMaxHeapSize                          = 4282384384                             {manageable} {ergonomic}
     intx TieredStopAtLevel                        = 1                                         {product} {command line}
     bool UseCompressedClassPointers               = true                           {product lp64_product} {ergonomic}
     bool UseCompressedOops                        = true                           {product lp64_product} {ergonomic}
     bool UseG1GC                                  = true                                      {product} {ergonomic}
     bool UseLargePagesIndividualAllocation        = false                                  {pd product} {ergonomic}

Logging:
Log output configuration:
 #0: stdout all=warning uptime,level,tags
 #1: stderr all=off uptime,level,tags

Environment Variables:
JAVA_HOME=C:\Program Files\Java\jdk-17
CLASSPATH=C:\Program Files\Java\jdk-17\lib;.
PATH=D:/_/spring-tools-for-eclipse-4.30.0.RELEASE-e4.35.0-win32.win32.x86_64/sts-4.30.0.RELEASE//plugins/org.eclipse.justj.openjdk.hotspot.jre.full.win32.x86_64_21.0.6.v20250130-0529/jre/bin/server;D:/_/spring-tools-for-eclipse-4.30.0.RELEASE-e4.35.0-win32.win32.x86_64/sts-4.30.0.RELEASE//plugins/org.eclipse.justj.openjdk.hotspot.jre.full.win32.x86_64_21.0.6.v20250130-0529/jre/bin;C:\Program Files\Common Files\Oracle\Java\javapath;C:\Program Files (x86)\NVIDIA Corporation\PhysX\Common;C:\WINDOWS\system32;C:\WINDOWS;C:\WINDOWS\System32\Wbem;C:\WINDOWS\System32\WindowsPowerShell\v1.0\;C:\WINDOWS\System32\OpenSSH\;C:\Program Files\dotnet\;C:\Program Files\Java\jdk-17\bin;C:\Program Files\MySQL\MySQL Shell 8.0\bin\;C:\Users\jsams\AppData\Local\Microsoft\WindowsApps;C:\Program Files\JetBrains\IntelliJ IDEA 2023.1.2\bin;C:\Users\jsams\AppData\Local\Programs\Microsoft VS Code\bin;D:\_\spring-tools-for-eclipse-4.30.0.RELEASE-e4.35.0-win32.win32.x86_64\sts-4.30.0.RELEASE;
USERNAME=jsams
OS=Windows_NT
PROCESSOR_IDENTIFIER=AMD64 Family 23 Model 113 Stepping 0, AuthenticAMD



---------------  S Y S T E M  ---------------

OS:
 Windows 10 , 64 bit Build 19041 (10.0.19041.5915)
OS uptime: 1 days 6:01 hours

CPU: total 6 (initial active 6) (6 cores per cpu, 1 threads per core) family 23 model 113 stepping 0 microcode 0x0, cx8, cmov, fxsr, mmx, 3dnowpref, sse, sse2, sse3, ssse3, sse4a, sse4.1, sse4.2, popcnt, lzcnt, tsc, tscinvbit, avx, avx2, aes, clmul, bmi1, bmi2, adx, sha, fma, vzeroupper, clflush, clflushopt

Memory: 4k page, system-wide physical 16335M (3796M free)
TotalPageFile size 16335M (AvailPageFile size 1M)
current process WorkingSet (physical memory assigned to process): 162M, peak: 174M
current process commit charge ("private bytes"): 213M, peak: 376M

vm_info: Java HotSpot(TM) 64-Bit Server VM (17.0.15+9-LTS-241) for windows-amd64 JRE (17.0.15+9-LTS-241), built on Feb 20 2025 10:49:54 by "mach5one" with MS VC++ 17.6 (VS2022)

END.
